<?xml version="1.0" encoding="UTF-8"?>
<!-- Generated by org.testng.reporters.JUnitReportReporter -->
<testsuite hostname="C-ANOMUL" name="com.tcs.SampleTestNGTest" tests="1" failures="0" timestamp="19 Aug 2017 01:30:35 GMT" time="0.719" errors="0">
  <testcase name="testTitle2" time="0.719" classname="com.tcs.SampleTestNGTest"/>
</testsuite> <!-- com.tcs.SampleTestNGTest -->
