<?xml version="1.0" encoding="UTF-8"?>
<!-- Generated by org.testng.reporters.JUnitReportReporter -->
<testsuite hostname="C-ANOMUL" name="com.tcs.SampleTestNGTest" tests="2" failures="0" timestamp="19 Aug 2017 01:46:06 GMT" time="0.691" errors="0">
  <testcase name="testTitle2" time="0.661" classname="com.tcs.SampleTestNGTest"/>
  <testcase name="testTitle" time="0.030" classname="com.tcs.SampleTestNGTest"/>
</testsuite> <!-- com.tcs.SampleTestNGTest -->
